<?xml version="1.0" encoding="UTF-8"?>
<testng-results skipped="0" failed="0" total="2" passed="2">
  <reporter-output>
  </reporter-output>
  <suite name="Suite" duration-ms="608963" started-at="2017-06-28T17:31:38Z" finished-at="2017-06-28T17:41:47Z">
    <groups>
    </groups>
    <test name="Test" duration-ms="608963" started-at="2017-06-28T17:31:38Z" finished-at="2017-06-28T17:41:47Z">
      <class name="testCasesPackage.InstallManagementPack">
        <test-method status="PASS" signature="startBrowser()[pri:0, instance:testCasesPackage.InstallManagementPack@387c703b]" name="startBrowser" is-config="true" duration-ms="539" started-at="2017-06-28T13:31:38Z" finished-at="2017-06-28T13:31:39Z">
          <reporter-output>
          </reporter-output>
        </test-method> <!-- startBrowser -->
        <test-method status="PASS" signature="InstallManagementPack()[pri:0, instance:testCasesPackage.InstallManagementPack@387c703b]" name="InstallManagementPack" duration-ms="363701" started-at="2017-06-28T13:31:39Z" finished-at="2017-06-28T13:37:43Z">
          <reporter-output>
          </reporter-output>
        </test-method> <!-- InstallManagementPack -->
      </class> <!-- testCasesPackage.InstallManagementPack -->
      <class name="testCasesPackage.TestClass1">
        <test-method status="PASS" signature="startBrowser()[pri:0, instance:testCasesPackage.TestClass1@6979e8cb]" name="startBrowser" is-config="true" duration-ms="188" started-at="2017-06-28T13:37:43Z" finished-at="2017-06-28T13:37:43Z">
          <reporter-output>
          </reporter-output>
        </test-method> <!-- startBrowser -->
        <test-method status="PASS" signature="CreateInstances()[pri:0, instance:testCasesPackage.TestClass1@6979e8cb]" name="CreateInstances" duration-ms="244524" started-at="2017-06-28T13:37:43Z" finished-at="2017-06-28T13:41:47Z">
          <reporter-output>
          </reporter-output>
        </test-method> <!-- CreateInstances -->
      </class> <!-- testCasesPackage.TestClass1 -->
    </test> <!-- Test -->
  </suite> <!-- Suite -->
</testng-results>
